Arguments: 
  D:\Programs\Node\node.exe C:\Users\iQuark\AppData\Roaming\npm\node_modules\yarn\bin\yarn.js init

PATH: 
  C:\Windows\system32;C:\Windows;C:\Windows\System32\Wbem;C:\Windows\System32\WindowsPowerShell\v1.0\;C:\Windows\System32\OpenSSH\;D:\Programs\Git\cmd;D:\Programs\Python;D:\Programs\Python\Scripts;C:\Program Files\nvm;C:\Program Files\nodejs;C:\ProgramData\chocolatey\bin;C:\Program Files\MongoDB\Server\5.0\bin;C:\Program Files\Maven\apache-maven-3.9.1\bin;C:\Program Files\Gradle\gradle-7.6.1\bin;C:\Program Files\MySQL\MySQL Server 8.0;D:\Programs\Node\;C:\Program Files\dotnet\;D:\Programs\Scripts\;D:\Programs\;C:\Users\iQuark\AppData\Local\Microsoft\WindowsApps;D:\Programs\Microsoft VS Code\bin;D:\Programs\IntelliJ IDEA Community Edition 2022.2.3\bin;;C:\Program Files\nvm;C:\Program Files\nodejs;D:\Program Files\nvm;C:\Users\iQuark\AppData\Roaming\nvm;C:\Program Files\apache-maven-3.8.8\bin;C:\Program Files\Java\jdk-17\bin;C:\Program Files\Maven\apache-maven-3.9.1\bin;%GRADLE_HOME%\bin;C:\Users\iQuark\AppData\Roaming\npm;C:\Users\iQuark\.dotnet\tools

Yarn version: 
  1.22.19

Node version: 
  18.16.1

Platform: 
  win32 x64

Trace: 
  Error: canceled
      at Interface.<anonymous> (C:\Users\iQuark\AppData\Roaming\npm\node_modules\yarn\lib\cli.js:137150:13)
      at Interface.emit (node:events:513:28)
      at [_ttyWrite] [as _ttyWrite] (node:internal/readline/interface:1131:18)
      at ReadStream.onkeypress (node:internal/readline/interface:270:20)
      at ReadStream.emit (node:events:513:28)
      at emitKeys (node:internal/readline/utils:357:14)
      at emitKeys.next (<anonymous>)
      at ReadStream.onData (node:internal/readline/emitKeypressEvents:64:36)
      at ReadStream.emit (node:events:513:28)
      at addChunk (node:internal/streams/readable:324:12)

npm manifest: 
  No manifest

yarn manifest: 
  No manifest

Lockfile: 
  No lockfile
